<?xml version="1.0" encoding="UTF-8"?>
<!-- Generated by org.testng.reporters.JUnitReportReporter -->
<testsuite hostname="LAPTOP-G76E8532" failures="0" tests="3" name="day44.LoginTests" time="0.018" errors="0" timestamp="2024-12-10T22:44:39 IST" skipped="0">
  <testcase classname="day44.LoginTests" name="loginByEmail" time="0.015"/>
  <system-out/>
  <testcase classname="day44.LoginTests" name="loginByFacebook" time="0.002"/>
  <system-out/>
  <testcase classname="day44.LoginTests" name="loginBytwitter" time="0.001"/>
  <system-out/>
</testsuite> <!-- day44.LoginTests -->
