<?xml version="1.0" encoding="UTF-8"?>
<!-- Generated by org.testng.reporters.JUnitReportReporter -->
<testsuite hostname="LAPTOP-G76E8532" failures="0" tests="3" name="day42.FirstTestCase" time="0.007" errors="0" timestamp="2024-12-09T00:15:03 IST" skipped="0">
  <testcase classname="day42.FirstTestCase" name="openapp" time="0.005"/>
  <system-out/>
  <testcase classname="day42.FirstTestCase" name="login" time="0.001"/>
  <system-out/>
  <testcase classname="day42.FirstTestCase" name="logout" time="0.001"/>
  <system-out/>
</testsuite> <!-- day42.FirstTestCase -->
