<?xml version="1.0" encoding="UTF-8"?>
<!-- Generated by org.testng.reporters.JUnitReportReporter -->
<testsuite hostname="LAPTOP-G76E8532" failures="0" tests="3" name="day44.SignupTests" time="0.005" errors="0" timestamp="2024-12-10T22:44:39 IST" skipped="0">
  <testcase classname="day44.SignupTests" name="signupbytwitter" time="0.001"/>
  <system-out/>
  <testcase classname="day44.SignupTests" name="signupbyfacebook" time="0.002"/>
  <system-out/>
  <testcase classname="day44.SignupTests" name="signupbyemail" time="0.002"/>
  <system-out/>
</testsuite> <!-- day44.SignupTests -->
