<?xml version="1.0" encoding="UTF-8"?>
<!-- Generated by org.testng.reporters.JUnitReportReporter -->
<testsuite hostname="LAPTOP-G76E8532" failures="0" tests="4" name="day42.OrangeHRMTest" time="16.823" errors="0" timestamp="2024-12-09T00:15:03 IST" skipped="0">
  <testcase classname="day42.OrangeHRMTest" name="openapp" time="11.724"/>
  <system-out/>
  <testcase classname="day42.OrangeHRMTest" name="testLogo" time="3.053"/>
  <system-out/>
  <testcase classname="day42.OrangeHRMTest" name="testLogin" time="1.213"/>
  <system-out/>
  <testcase classname="day42.OrangeHRMTest" name="closeApp" time="0.833"/>
  <system-out/>
</testsuite> <!-- day42.OrangeHRMTest -->
